2022-07-09 17:02:00.089  INFO 5380 --- [main] projeto.crud.crud.CrudApplication        : Starting CrudApplication using Java 17.0.2 on GMN001074813 with PID 5380 (C:\Users\dhionson.moreira\Documents\Projeto_SpringBoot_Java_zkEstudio_JPA\crud\crud\target\classes started by dhionson.moreira in C:\Users\dhionson.moreira\Documents\Projeto_SpringBoot_Java_zkEstudio_JPA\crud\crud)
2022-07-09 17:02:00.101  INFO 5380 --- [main] projeto.crud.crud.CrudApplication        : The following profiles are active: desen
2022-07-09 17:02:00.794  INFO 5380 --- [main] .s.d.r.c.RepositoryConfigurationDelegate : Bootstrapping Spring Data JPA repositories in DEFAULT mode.
2022-07-09 17:02:00.878  INFO 5380 --- [main] .s.d.r.c.RepositoryConfigurationDelegate : Finished Spring Data repository scanning in 68 ms. Found 2 JPA repository interfaces.
2022-07-09 17:02:01.599  INFO 5380 --- [main] o.s.b.w.embedded.tomcat.TomcatWebServer  : Tomcat initialized with port(s): 8080 (http)
2022-07-09 17:02:01.607  INFO 5380 --- [main] o.apache.catalina.core.StandardService   : Starting service [Tomcat]
2022-07-09 17:02:01.608  INFO 5380 --- [main] org.apache.catalina.core.StandardEngine  : Starting Servlet engine: [Apache Tomcat/9.0.56]
2022-07-09 17:02:01.741  INFO 5380 --- [main] o.a.c.c.C.[Tomcat].[localhost].[/]       : Initializing Spring embedded WebApplicationContext
2022-07-09 17:02:01.742  INFO 5380 --- [main] w.s.c.ServletWebServerApplicationContext : Root WebApplicationContext: initialization completed in 1600 ms
2022-07-09 17:02:01.837  INFO 5380 --- [main] org.zkoss.zk.ui.http.WebManager          : Starting ZK 9.6.0.1 CE (build: 2021083012)
2022-07-09 17:02:01.869  INFO 5380 --- [main] org.zkoss.zk.ui.sys.ConfigParser         : Loading system default
2022-07-09 17:02:01.957  INFO 5380 --- [main] org.zkoss.zk.ui.sys.ConfigParser         : Parsing jar:file:/C:/Users/dhionson.moreira/.m2/repository/org/zkoss/zk/zul/9.6.0.1/zul-9.6.0.1.jar!/metainfo/zk/zk.xml
2022-07-09 17:02:01.968  INFO 5380 --- [main] org.zkoss.zk.ui.sys.ConfigParser         : Parsing file:/C:/Users/dhionson.moreira/Documents/Projeto_SpringBoot_Java_zkEstudio_JPA/crud/crud/src/main/webapp/WEB-INF/zk.xml
2022-07-09 17:02:02.589  INFO 5380 --- [main] o.hibernate.jpa.internal.util.LogHelper  : HHH000204: Processing PersistenceUnitInfo [name: default]
2022-07-09 17:02:02.741  INFO 5380 --- [main] org.hibernate.Version                    : HHH000412: Hibernate ORM core version 5.6.3.Final
2022-07-09 17:02:03.055  INFO 5380 --- [main] o.hibernate.annotations.common.Version   : HCANN000001: Hibernate Commons Annotations {5.1.2.Final}
2022-07-09 17:02:03.373  INFO 5380 --- [main] com.zaxxer.hikari.HikariDataSource       : HikariPool-1 - Starting...
2022-07-09 17:02:03.980  INFO 5380 --- [main] com.zaxxer.hikari.HikariDataSource       : HikariPool-1 - Start completed.
2022-07-09 17:02:04.013  INFO 5380 --- [main] org.hibernate.dialect.Dialect            : HHH000400: Using dialect: org.hibernate.dialect.SQLServer2008Dialect
2022-07-09 17:02:04.507  INFO 5380 --- [main] org.hibernate.tuple.PojoInstantiator     : HHH000182: No default (no-argument) constructor for class: projeto.crud.crud.model.Contato (class must be instantiated by Interceptor)
2022-07-09 17:02:05.248  INFO 5380 --- [main] o.h.e.t.j.p.i.JtaPlatformInitiator       : HHH000490: Using JtaPlatform implementation: [org.hibernate.engine.transaction.jta.platform.internal.NoJtaPlatform]
2022-07-09 17:02:05.262  INFO 5380 --- [main] j.LocalContainerEntityManagerFactoryBean : Initialized JPA EntityManagerFactory for persistence unit 'default'
2022-07-09 17:02:06.591  INFO 5380 --- [main] o.s.b.w.embedded.tomcat.TomcatWebServer  : Tomcat started on port(s): 8080 (http) with context path ''
2022-07-09 17:02:06.605  INFO 5380 --- [main] projeto.crud.crud.CrudApplication        : Started CrudApplication in 7.096 seconds (JVM running for 11.271)
2022-07-09 17:03:02.751  INFO 5380 --- [http-nio-8080-exec-1] o.apache.tomcat.util.http.parser.Cookie  : A cookie header was received [consents":{"700":1,"702":1},"location":"PR#BR","lang":"pt-br"}] that contained an invalid cookie. That cookie will be ignored.
 Note: further occurrences of this error will be logged at DEBUG level.
2022-07-09 17:03:03.025  INFO 5380 --- [http-nio-8080-exec-1] o.z.util.resource.impl.LabelLoaderImpl   : Loading labels for pt_BR
2022-07-09 17:03:03.026  INFO 5380 --- [http-nio-8080-exec-1] o.z.util.resource.impl.LabelLoaderImpl   : Loading labels for pt
2022-07-09 17:03:03.028  INFO 5380 --- [http-nio-8080-exec-1] o.z.util.resource.impl.LabelLoaderImpl   : Opening file:/C:/Users/dhionson.moreira/Documents/Projeto_SpringBoot_Java_zkEstudio_JPA/crud/crud/src/main/webapp/WEB-INF/labels/labels.properties
2022-07-09 17:03:03.621  INFO 5380 --- [http-nio-8080-exec-3] o.a.c.c.C.[Tomcat].[localhost].[/]       : Initializing Spring DispatcherServlet 'dispatcherServlet'
2022-07-09 17:03:03.621  INFO 5380 --- [http-nio-8080-exec-3] o.s.web.servlet.DispatcherServlet        : Initializing Servlet 'dispatcherServlet'
2022-07-09 17:03:03.622  INFO 5380 --- [http-nio-8080-exec-3] o.s.web.servlet.DispatcherServlet        : Completed initialization in 1 ms
